[debug] [2019-09-27T21:20:57.211Z] ----------------------------------------------------------------------
[debug] [2019-09-27T21:20:57.212Z] Command:       /Users/johngribbin/.nvm/versions/node/v8.11.4/bin/node /Users/johngribbin/.nvm/versions/node/v8.11.4/bin/firebase deploy -m Git commit 7fb3fd7c4cb945f6f8b6385a0111212cfdda4222
[debug] [2019-09-27T21:20:57.213Z] CLI Version:   7.2.4
[debug] [2019-09-27T21:20:57.213Z] Platform:      darwin
[debug] [2019-09-27T21:20:57.213Z] Node Version:  v8.11.4
[debug] [2019-09-27T21:20:57.213Z] Time:          Fri Sep 27 2019 17:20:57 GMT-0400 (EDT)
[debug] [2019-09-27T21:20:57.213Z] ----------------------------------------------------------------------
[debug] 
[debug] [2019-09-27T21:20:57.217Z] > command requires scopes: ["email","openid","https://www.googleapis.com/auth/cloudplatformprojects.readonly","https://www.googleapis.com/auth/firebase","https://www.googleapis.com/auth/cloud-platform"]
[debug] [2019-09-27T21:20:57.218Z] > authorizing via signed-in user
[debug] [2019-09-27T21:20:57.218Z] [iam] checking project trusat for permissions ["firebase.projects.get","firebasehosting.sites.update"]
[debug] [2019-09-27T21:20:57.219Z] >>> HTTP REQUEST POST https://cloudresourcemanager.googleapis.com/v1/projects/trusat:testIamPermissions  

[debug] [2019-09-27T21:20:57.478Z] <<< HTTP RESPONSE 200
[debug] [2019-09-27T21:20:57.480Z] >>> HTTP REQUEST GET https://firebase.googleapis.com/v1beta1/projects/trusat  
 
[debug] [2019-09-27T21:20:57.710Z] <<< HTTP RESPONSE 200
[info] 
[info] === Deploying to 'trusat'...
[info] 
[info] i  deploying hosting
[debug] [2019-09-27T21:20:57.714Z] >>> HTTP REQUEST POST https://firebasehosting.googleapis.com/v1beta1/sites/trusat/versions  

[debug] [2019-09-27T21:20:58.722Z] <<< HTTP RESPONSE 200
[info] i  hosting[trusat]: beginning deploy...
[info] i  hosting[trusat]: found 16 files in build
[debug] [2019-09-27T21:20:58.732Z] [hosting] hash cache [YnVpbGQ] load error: lines is not defined
[debug] [2019-09-27T21:20:59.928Z] [hosting] hash cache [YnVpbGQ] stored for 16 files
[debug] [2019-09-27T21:20:59.928Z] [hosting][hash queue][FINAL]
[debug] [2019-09-27T21:20:59.928Z] >>> HTTP REQUEST POST https://firebasehosting.googleapis.com/v1beta1/sites/trusat/versions/2d51509ce1251397:populateFiles  
 <request body omitted>
[debug] [2019-09-27T21:21:00.872Z] <<< HTTP RESPONSE 200
[debug] [2019-09-27T21:21:00.877Z] [hosting][populate queue][FINAL]
[debug] [2019-09-27T21:21:00.877Z] [hosting] uploads queued: 6
